0 info it worked if it ends with ok
1 verbose cli [ '/usr/local/bin/node', '/usr/local/bin/npm', 'start' ]
2 info using npm@3.7.3
3 info using node@v5.0.0
4 verbose run-script [ 'prestart', 'start', 'poststart' ]
5 info lifecycle simple@~prestart: simple@
6 silly lifecycle simple@~prestart: no script for prestart, continuing
7 info lifecycle simple@~start: simple@
8 verbose lifecycle simple@~start: unsafe-perm in lifecycle true
9 verbose lifecycle simple@~start: PATH: /usr/local/lib/node_modules/npm/bin/node-gyp-bin:/Users/work/dev/accounts-ui-react/examples/simple/node_modules/.bin:/usr/local/bin:/usr/local/bin:/usr/bin:/bin:/usr/sbin:/sbin:/Users/work/dev/ok/bin
10 verbose lifecycle simple@~start: CWD: /Users/work/dev/accounts-ui-react/examples/simple
11 silly lifecycle simple@~start: Args: [ '-c', 'meteor run' ]
12 silly lifecycle simple@~start: Returned: code: 1  signal: null
13 info lifecycle simple@~start: Failed to exec start script
14 verbose stack Error: simple@ start: `meteor run`
14 verbose stack Exit status 1
14 verbose stack     at EventEmitter.<anonymous> (/usr/local/lib/node_modules/npm/lib/utils/lifecycle.js:239:16)
14 verbose stack     at emitTwo (events.js:87:13)
14 verbose stack     at EventEmitter.emit (events.js:172:7)
14 verbose stack     at ChildProcess.<anonymous> (/usr/local/lib/node_modules/npm/lib/utils/spawn.js:24:14)
14 verbose stack     at emitTwo (events.js:87:13)
14 verbose stack     at ChildProcess.emit (events.js:172:7)
14 verbose stack     at maybeClose (internal/child_process.js:818:16)
14 verbose stack     at Process.ChildProcess._handle.onexit (internal/child_process.js:211:5)
15 verbose pkgid simple@
16 verbose cwd /Users/work/dev/accounts-ui-react/examples/simple
17 error Darwin 16.0.0
18 error argv "/usr/local/bin/node" "/usr/local/bin/npm" "start"
19 error node v5.0.0
20 error npm  v3.7.3
21 error code ELIFECYCLE
22 error simple@ start: `meteor run`
22 error Exit status 1
23 error Failed at the simple@ start script 'meteor run'.
23 error Make sure you have the latest version of node.js and npm installed.
23 error If you do, this is most likely a problem with the simple package,
23 error not with npm itself.
23 error Tell the author that this fails on your system:
23 error     meteor run
23 error You can get information on how to open an issue for this project with:
23 error     npm bugs simple
23 error Or if that isn't available, you can get their info via:
23 error     npm owner ls simple
23 error There is likely additional logging output above.
24 verbose exit [ 1, true ]
